<?xml version="1.0" encoding="UTF-8"?>
<!-- Generated by org.testng.reporters.JUnitXMLReporter -->
<testsuite hostname="MSJCIT1050398" ignored="0" name="Default test" tests="44" failures="43" timestamp="25 Apr 2018 05:33:25 GMT" time="1.222" errors="0">
  <testcase name="testURL" time="0.005" classname="com.api.status.APIAutomation">
    <failure type="java.lang.AssertionError" message="Germany expected [n] but found [y]">
      <![CDATA[java.lang.AssertionError: Germany expected [n] but found [y]
]]>
    </failure>
  </testcase> <!-- testURL -->
  <testcase name="testURL" time="0.001" classname="com.api.status.APIAutomation">
    <failure type="java.lang.AssertionError" message="Norway expected [n] but found [y]">
      <![CDATA[java.lang.AssertionError: Norway expected [n] but found [y]
]]>
    </failure>
  </testcase> <!-- testURL -->
  <testcase name="testURL" time="0.001" classname="com.api.status.APIAutomation">
    <failure type="java.lang.AssertionError" message="Finland expected [n] but found [y]">
      <![CDATA[java.lang.AssertionError: Finland expected [n] but found [y]
]]>
    </failure>
  </testcase> <!-- testURL -->
  <testcase name="testURL" time="0.0" classname="com.api.status.APIAutomation">
    <failure type="java.lang.AssertionError" message="Hong Kong (English) expected [n] but found [y]">
      <![CDATA[java.lang.AssertionError: Hong Kong (English) expected [n] but found [y]
]]>
    </failure>
  </testcase> <!-- testURL -->
  <testcase name="testURL" time="0.001" classname="com.api.status.APIAutomation">
    <failure type="java.lang.AssertionError" message="Russia expected [n] but found [y]">
      <![CDATA[java.lang.AssertionError: Russia expected [n] but found [y]
]]>
    </failure>
  </testcase> <!-- testURL -->
  <testcase name="testURL" time="0.001" classname="com.api.status.APIAutomation">
    <failure type="java.lang.AssertionError" message="Taiwan expected [n] but found [y]">
      <![CDATA[java.lang.AssertionError: Taiwan expected [n] but found [y]
]]>
    </failure>
  </testcase> <!-- testURL -->
  <testcase name="testURL" time="0.001" classname="com.api.status.APIAutomation">
    <failure type="java.lang.AssertionError" message="Portugal expected [n] but found [y]">
      <![CDATA[java.lang.AssertionError: Portugal expected [n] but found [y]
]]>
    </failure>
  </testcase> <!-- testURL -->
  <testcase name="testURL" time="0.0" classname="com.api.status.APIAutomation">
    <failure type="java.lang.AssertionError" message="Belgium (French) expected [n] but found [y]">
      <![CDATA[java.lang.AssertionError: Belgium (French) expected [n] but found [y]
]]>
    </failure>
  </testcase> <!-- testURL -->
  <testcase name="testURL" time="0.001" classname="com.api.status.APIAutomation">
    <failure type="java.lang.AssertionError" message="Japan expected [n] but found [y]">
      <![CDATA[java.lang.AssertionError: Japan expected [n] but found [y]
]]>
    </failure>
  </testcase> <!-- testURL -->
  <testcase name="testURL" time="0.001" classname="com.api.status.APIAutomation">
    <failure type="java.lang.AssertionError" message="Denmark expected [n] but found [y]">
      <![CDATA[java.lang.AssertionError: Denmark expected [n] but found [y]
]]>
    </failure>
  </testcase> <!-- testURL -->
  <testcase name="testURL" time="0.001" classname="com.api.status.APIAutomation">
    <failure type="java.lang.AssertionError" message="Luxembourg expected [n] but found [y]">
      <![CDATA[java.lang.AssertionError: Luxembourg expected [n] but found [y]
]]>
    </failure>
  </testcase> <!-- testURL -->
  <testcase name="testURL" time="0.0" classname="com.api.status.APIAutomation">
    <failure type="java.lang.AssertionError" message="Switzerland (German) expected [n] but found [y]">
      <![CDATA[java.lang.AssertionError: Switzerland (German) expected [n] but found [y]
]]>
    </failure>
  </testcase> <!-- testURL -->
  <testcase name="testURL" time="0.001" classname="com.api.status.APIAutomation">
    <failure type="java.lang.AssertionError" message="France expected [n] but found [y]">
      <![CDATA[java.lang.AssertionError: France expected [n] but found [y]
]]>
    </failure>
  </testcase> <!-- testURL -->
  <testcase name="testURL" time="0.0" classname="com.api.status.APIAutomation">
    <failure type="java.lang.AssertionError" message="New Zealand expected [n] but found [y]">
      <![CDATA[java.lang.AssertionError: New Zealand expected [n] but found [y]
]]>
    </failure>
  </testcase> <!-- testURL -->
  <testcase name="testURL" time="0.001" classname="com.api.status.APIAutomation">
    <failure type="java.lang.AssertionError" message="Hungary expected [n] but found [y]">
      <![CDATA[java.lang.AssertionError: Hungary expected [n] but found [y]
]]>
    </failure>
  </testcase> <!-- testURL -->
  <testcase name="testURL" time="0.001" classname="com.api.status.APIAutomation">
    <failure type="java.lang.AssertionError" message="Brazil expected [n] but found [y]">
      <![CDATA[java.lang.AssertionError: Brazil expected [n] but found [y]
]]>
    </failure>
  </testcase> <!-- testURL -->
  <testcase name="testURL" time="0.001" classname="com.api.status.APIAutomation">
    <failure type="java.lang.AssertionError" message="Hong Kong (Chinese) expected [n] but found [y]">
      <![CDATA[java.lang.AssertionError: Hong Kong (Chinese) expected [n] but found [y]
]]>
    </failure>
  </testcase> <!-- testURL -->
  <testcase name="testURL" time="0.001" classname="com.api.status.APIAutomation">
    <failure type="java.lang.AssertionError" message="Sweden expected [n] but found [y]">
      <![CDATA[java.lang.AssertionError: Sweden expected [n] but found [y]
]]>
    </failure>
  </testcase> <!-- testURL -->
  <testcase name="testURL" time="0.0" classname="com.api.status.APIAutomation">
    <failure type="java.lang.AssertionError" message="Singapore expected [n] but found [y]">
      <![CDATA[java.lang.AssertionError: Singapore expected [n] but found [y]
]]>
    </failure>
  </testcase> <!-- testURL -->
  <testcase name="testURL" time="0.0" classname="com.api.status.APIAutomation">
    <failure type="java.lang.AssertionError" message="United Kingdom expected [n] but found [y]">
      <![CDATA[java.lang.AssertionError: United Kingdom expected [n] but found [y]
]]>
    </failure>
  </testcase> <!-- testURL -->
  <testcase name="testURL" time="0.0" classname="com.api.status.APIAutomation">
    <failure type="java.lang.AssertionError" message="Switzerland (French) expected [n] but found [y]">
      <![CDATA[java.lang.AssertionError: Switzerland (French) expected [n] but found [y]
]]>
    </failure>
  </testcase> <!-- testURL -->
  <testcase name="testURL" time="0.0" classname="com.api.status.APIAutomation">
    <failure type="java.lang.AssertionError" message="Belgium (Dutch) expected [n] but found [y]">
      <![CDATA[java.lang.AssertionError: Belgium (Dutch) expected [n] but found [y]
]]>
    </failure>
  </testcase> <!-- testURL -->
  <testcase name="testURL" time="0.001" classname="com.api.status.APIAutomation"/>
  <testcase name="testURL" time="0.001" classname="com.api.status.APIAutomation">
    <failure type="java.lang.AssertionError" message="Ireland expected [n] but found [y]">
      <![CDATA[java.lang.AssertionError: Ireland expected [n] but found [y]
]]>
    </failure>
  </testcase> <!-- testURL -->
  <testcase name="testURL" time="0.001" classname="com.api.status.APIAutomation">
    <failure type="java.lang.AssertionError" message="Canada (English) expected [n] but found [y]">
      <![CDATA[java.lang.AssertionError: Canada (English) expected [n] but found [y]
]]>
    </failure>
  </testcase> <!-- testURL -->
  <testcase name="testURL" time="0.001" classname="com.api.status.APIAutomation">
    <failure type="java.lang.AssertionError" message="United States expected [n] but found [y]">
      <![CDATA[java.lang.AssertionError: United States expected [n] but found [y]
]]>
    </failure>
  </testcase> <!-- testURL -->
  <testcase name="testURL" time="0.001" classname="com.api.status.APIAutomation">
    <failure type="java.lang.AssertionError" message="United Arab Emirates expected [n] but found [y]">
      <![CDATA[java.lang.AssertionError: United Arab Emirates expected [n] but found [y]
]]>
    </failure>
  </testcase> <!-- testURL -->
  <testcase name="testURL" time="0.0" classname="com.api.status.APIAutomation">
    <failure type="java.lang.AssertionError" message="South Korea expected [n] but found [y]">
      <![CDATA[java.lang.AssertionError: South Korea expected [n] but found [y]
]]>
    </failure>
  </testcase> <!-- testURL -->
  <testcase name="testURL" time="0.001" classname="com.api.status.APIAutomation">
    <failure type="java.lang.AssertionError" message="China expected [n] but found [y]">
      <![CDATA[java.lang.AssertionError: China expected [n] but found [y]
]]>
    </failure>
  </testcase> <!-- testURL -->
  <testcase name="testURL" time="0.001" classname="com.api.status.APIAutomation">
    <failure type="java.lang.AssertionError" message="Italy expected [n] but found [y]">
      <![CDATA[java.lang.AssertionError: Italy expected [n] but found [y]
]]>
    </failure>
  </testcase> <!-- testURL -->
  <testcase name="testURL" time="0.001" classname="com.api.status.APIAutomation">
    <failure type="java.lang.AssertionError" message="Mexico expected [n] but found [y]">
      <![CDATA[java.lang.AssertionError: Mexico expected [n] but found [y]
]]>
    </failure>
  </testcase> <!-- testURL -->
  <testcase name="testURL" time="0.0" classname="com.api.status.APIAutomation">
    <failure type="java.lang.AssertionError" message="Malaysia expected [n] but found [y]">
      <![CDATA[java.lang.AssertionError: Malaysia expected [n] but found [y]
]]>
    </failure>
  </testcase> <!-- testURL -->
  <testcase name="testURL" time="0.001" classname="com.api.status.APIAutomation">
    <failure type="java.lang.AssertionError" message="Spain expected [n] but found [y]">
      <![CDATA[java.lang.AssertionError: Spain expected [n] but found [y]
]]>
    </failure>
  </testcase> <!-- testURL -->
  <testcase name="testURL" time="0.0" classname="com.api.status.APIAutomation">
    <failure type="java.lang.AssertionError" message="Canada (French) expected [n] but found [y]">
      <![CDATA[java.lang.AssertionError: Canada (French) expected [n] but found [y]
]]>
    </failure>
  </testcase> <!-- testURL -->
  <testcase name="testURL" time="0.0" classname="com.api.status.APIAutomation">
    <failure type="java.lang.AssertionError" message="Thailand (English) expected [n] but found [y]">
      <![CDATA[java.lang.AssertionError: Thailand (English) expected [n] but found [y]
]]>
    </failure>
  </testcase> <!-- testURL -->
  <testcase name="testURL" time="0.001" classname="com.api.status.APIAutomation">
    <failure type="java.lang.AssertionError" message="Austria expected [n] but found [y]">
      <![CDATA[java.lang.AssertionError: Austria expected [n] but found [y]
]]>
    </failure>
  </testcase> <!-- testURL -->
  <testcase name="testURL" time="0.001" classname="com.api.status.APIAutomation">
    <failure type="java.lang.AssertionError" message="Australia expected [n] but found [y]">
      <![CDATA[java.lang.AssertionError: Australia expected [n] but found [y]
]]>
    </failure>
  </testcase> <!-- testURL -->
  <testcase name="testURL" time="0.0" classname="com.api.status.APIAutomation">
    <failure type="java.lang.AssertionError" message="Thailand expected [n] but found [y]">
      <![CDATA[java.lang.AssertionError: Thailand expected [n] but found [y]
]]>
    </failure>
  </testcase> <!-- testURL -->
  <testcase name="testURL" time="0.0" classname="com.api.status.APIAutomation">
    <failure type="java.lang.AssertionError" message="Czech Republic expected [n] but found [y]">
      <![CDATA[java.lang.AssertionError: Czech Republic expected [n] but found [y]
]]>
    </failure>
  </testcase> <!-- testURL -->
  <testcase name="testURL" time="0.0" classname="com.api.status.APIAutomation">
    <failure type="java.lang.AssertionError" message="Philippines expected [n] but found [y]">
      <![CDATA[java.lang.AssertionError: Philippines expected [n] but found [y]
]]>
    </failure>
  </testcase> <!-- testURL -->
  <testcase name="testURL" time="0.001" classname="com.api.status.APIAutomation">
    <failure type="java.lang.AssertionError" message="Vietnam expected [n] but found [y]">
      <![CDATA[java.lang.AssertionError: Vietnam expected [n] but found [y]
]]>
    </failure>
  </testcase> <!-- testURL -->
  <testcase name="testURL" time="0.0" classname="com.api.status.APIAutomation">
    <failure type="java.lang.AssertionError" message="Poland expected [n] but found [y]">
      <![CDATA[java.lang.AssertionError: Poland expected [n] but found [y]
]]>
    </failure>
  </testcase> <!-- testURL -->
  <testcase name="testURL" time="0.001" classname="com.api.status.APIAutomation">
    <failure type="java.lang.AssertionError" message="Netherlands expected [n] but found [y]">
      <![CDATA[java.lang.AssertionError: Netherlands expected [n] but found [y]
]]>
    </failure>
  </testcase> <!-- testURL -->
  <testcase name="testURL" time="0.001" classname="com.api.status.APIAutomation">
    <failure type="java.lang.AssertionError" message="Turkey expected [n] but found [y]">
      <![CDATA[java.lang.AssertionError: Turkey expected [n] but found [y]
]]>
    </failure>
  </testcase> <!-- testURL -->
</testsuite> <!-- Default test -->
